<?xml version="1.0" encoding="UTF-8"?>
<!-- Generated by org.testng.reporters.JUnitXMLReporter -->
<testsuite ignored="0" hostname="LAPTOP-52I7J3D0" failures="0" tests="4" name="Test" time="0.041" errors="0" timestamp="2021-07-20T10:40:41 EDT">
  <testcase classname="testng.methods" name="mobileB" time="0.005"/>
  <testcase classname="testng.methods" name="mobileBb" time="0.002"/>
  <testcase classname="testng.methods" name="mobileBf" time="0.001"/>
  <testcase classname="testng.methods" name="mobileBu" time="0.001"/>
</testsuite> <!-- Test -->
