<?xml version="1.0" encoding="UTF-8"?>
<testng-results ignored="0" total="1" passed="1" failed="0" skipped="0">
  <reporter-output>
  </reporter-output>
  <suite started-at="2021-08-30T00:38:07 EDT" name="Default suite" finished-at="2021-08-30T00:38:10 EDT" duration-ms="2713">
    <groups>
    </groups>
    <test started-at="2021-08-30T00:38:07 EDT" name="Default test" finished-at="2021-08-30T00:38:10 EDT" duration-ms="2713">
      <class name="testng.methods">
        <test-method signature="mobileBu()[pri:0, instance:testng.methods@3c73951]" started-at="2021-08-30T00:38:07 EDT" name="mobileBu" finished-at="2021-08-30T00:38:10 EDT" duration-ms="2688" status="PASS">
          <reporter-output>
          </reporter-output>
        </test-method> <!-- mobileBu -->
      </class> <!-- testng.methods -->
    </test> <!-- Default test -->
  </suite> <!-- Default suite -->
</testng-results>
